-------------------------------------------------------------------------------
Test set: com.example.demo.EmailDemoApplicationTests
-------------------------------------------------------------------------------
Tests run: 1, Failures: 0, Errors: 1, Skipped: 0, Time elapsed: 0.823 s <<< FAILURE! - in com.example.demo.EmailDemoApplicationTests
com.example.demo.EmailDemoApplicationTests  Time elapsed: 0.819 s  <<< ERROR!
java.lang.IllegalStateException: Unable to find a @SpringBootConfiguration, you need to use @ContextConfiguration or @SpringBootTest(classes=...) with your test

